This file contains any messages produced by compilers while
running configure, to aid debugging if configure makes a mistake.

It was created by itc-benchmarks configure 1.0, which was
generated by GNU Autoconf 2.69.  Invocation command line was

  $ ./configure 

## --------- ##
## Platform. ##
## --------- ##

hostname = burdock.ittc.ku.edu
uname -m = x86_64
uname -r = 5.4.0-48-generic
uname -s = Linux
uname -v = #52-Ubuntu SMP Thu Sep 10 10:58:49 UTC 2020

/usr/bin/uname -p = x86_64
/bin/uname -X     = unknown

/bin/arch              = x86_64
/usr/bin/arch -k       = unknown
/usr/convex/getsysinfo = unknown
/usr/bin/hostinfo      = unknown
/bin/machine           = unknown
/usr/bin/oslevel       = unknown
/bin/universe          = unknown

PATH: /home/a967a038/anaconda3/bin/conda
PATH: /home/a967a038/.cargo/bin
PATH: /usr/sbin/
PATH: ~/Documents/pycharm-community-2022.1.1/bin/
PATH: ~/Downloads/ghidra_10.1.5_PUBLIC_20220726/ghidra_10.1.5_PUBLIC/support/
PATH: ~/Downloads/ghidra_10.1.5_PUBLIC_20220726/ghidra_10.1.5_PUBLIC/
PATH: ~/Downloads/RESEARCH/sonar-scanner-cli-4.7.0.2747-linux/sonar-scanner-4.7.0.2747-linux/bin
PATH: ~/Downloads/RESEARCH/build-wrapper-linux-x86
PATH: /home/a967a038/.sdkman/candidates/gradle/current/bin
PATH: /usr/system/bin
PATH: /usr/local/bin
PATH: /bin
PATH: /usr/bin
PATH: /usr/bin/X11
PATH: /usr/X11R6/bin


## ----------- ##
## Core tests. ##
## ----------- ##

configure:2300: checking for a BSD-compatible install
configure:2368: result: /bin/install -c
configure:2379: checking whether build environment is sane
configure:2434: result: yes
configure:2583: checking for a thread-safe mkdir -p
configure:2622: result: /bin/mkdir -p
configure:2629: checking for gawk
configure:2659: result: no
configure:2629: checking for mawk
configure:2645: found /bin/mawk
configure:2656: result: mawk
configure:2667: checking whether make sets $(MAKE)
configure:2689: result: yes
configure:2718: checking whether make supports nested variables
configure:2735: result: yes
configure:2923: checking for g++
configure:2939: found /bin/g++
configure:2950: result: g++
configure:2977: checking for C++ compiler version
configure:2986: g++ --version >&5
g++ (Ubuntu 9.4.0-1ubuntu1~20.04.1) 9.4.0
Copyright (C) 2019 Free Software Foundation, Inc.
This is free software; see the source for copying conditions.  There is NO
warranty; not even for MERCHANTABILITY or FITNESS FOR A PARTICULAR PURPOSE.

configure:2997: $? = 0
configure:2986: g++ -v >&5
Using built-in specs.
COLLECT_GCC=g++
COLLECT_LTO_WRAPPER=/usr/lib/gcc/x86_64-linux-gnu/9/lto-wrapper
OFFLOAD_TARGET_NAMES=nvptx-none:hsa
OFFLOAD_TARGET_DEFAULT=1
Target: x86_64-linux-gnu
Configured with: ../src/configure -v --with-pkgversion='Ubuntu 9.4.0-1ubuntu1~20.04.1' --with-bugurl=file:///usr/share/doc/gcc-9/README.Bugs --enable-languages=c,ada,c++,go,brig,d,fortran,objc,obj-c++,gm2 --prefix=/usr --with-gcc-major-version-only --program-suffix=-9 --program-prefix=x86_64-linux-gnu- --enable-shared --enable-linker-build-id --libexecdir=/usr/lib --without-included-gettext --enable-threads=posix --libdir=/usr/lib --enable-nls --enable-clocale=gnu --enable-libstdcxx-debug --enable-libstdcxx-time=yes --with-default-libstdcxx-abi=new --enable-gnu-unique-object --disable-vtable-verify --enable-plugin --enable-default-pie --with-system-zlib --with-target-system-zlib=auto --enable-objc-gc=auto --enable-multiarch --disable-werror --with-arch-32=i686 --with-abi=m64 --with-multilib-list=m32,m64,mx32 --enable-multilib --with-tune=generic --enable-offload-targets=nvptx-none=/build/gcc-9-Av3uEd/gcc-9-9.4.0/debian/tmp-nvptx/usr,hsa --without-cuda-driver --enable-checking=release --build=x86_64-linux-gnu --host=x86_64-linux-gnu --target=x86_64-linux-gnu
Thread model: posix
gcc version 9.4.0 (Ubuntu 9.4.0-1ubuntu1~20.04.1) 
configure:2997: $? = 0
configure:2986: g++ -V >&5
g++: error: unrecognized command line option '-V'
g++: fatal error: no input files
compilation terminated.
configure:2997: $? = 1
configure:2986: g++ -qversion >&5
g++: error: unrecognized command line option '-qversion'; did you mean '--version'?
g++: fatal error: no input files
compilation terminated.
configure:2997: $? = 1
configure:3017: checking whether the C++ compiler works
configure:3039: g++    conftest.cpp  >&5
configure:3043: $? = 0
configure:3091: result: yes
configure:3094: checking for C++ compiler default output file name
configure:3096: result: a.out
configure:3102: checking for suffix of executables
configure:3109: g++ -o conftest    conftest.cpp  >&5
configure:3113: $? = 0
configure:3135: result: 
configure:3157: checking whether we are cross compiling
configure:3165: g++ -o conftest    conftest.cpp  >&5
configure:3169: $? = 0
configure:3176: ./conftest
configure:3180: $? = 0
configure:3168: result: no
configure:3173: checking for suffix of object files
configure:3195: g++ -c   conftest.cpp >&5
configure:3199: $? = 0
configure:3220: result: o
configure:3224: checking whether we are using the GNU C++ compiler
configure:3243: g++ -c   conftest.cpp >&5
configure:3243: $? = 0
configure:3252: result: yes
configure:3261: checking whether g++ accepts -g
configure:3281: g++ -c -g  conftest.cpp >&5
configure:3281: $? = 0
configure:3322: result: yes
configure:3348: checking whether make supports the include directive
configure:3363: make -f confmf.GNU && cat confinc.out
this is the am__doit target
configure:3366: $? = 0
configure:3385: result: yes (GNU style)
configure:3410: checking dependency style of g++
configure:3521: result: gcc3
configure:3584: checking for gcc
configure:3611: result: kcc
configure:3840: checking for C compiler version
configure:3849: kcc --version >&5
./configure: line 3851: kcc: command not found
configure:3860: $? = 127
configure:3849: kcc -v >&5
./configure: line 3851: kcc: command not found
configure:3860: $? = 127
configure:3849: kcc -V >&5
./configure: line 3851: kcc: command not found
configure:3860: $? = 127
configure:3849: kcc -qversion >&5
./configure: line 3851: kcc: command not found
configure:3860: $? = 127
configure:3864: checking whether we are using the GNU C compiler
configure:3883: kcc -c -flint  conftest.c >&5
./configure: line 1511: kcc: command not found
configure:3883: $? = 127
configure: failed program was:
| /* confdefs.h */
| #define PACKAGE_NAME "itc-benchmarks"
| #define PACKAGE_TARNAME "itc-benchmarks"
| #define PACKAGE_VERSION "1.0"
| #define PACKAGE_STRING "itc-benchmarks 1.0"
| #define PACKAGE_BUGREPORT "https://github.com/regehr/itc-benchmarks/issues"
| #define PACKAGE_URL ""
| #define PACKAGE "itc-benchmarks"
| #define VERSION "1.0"
| /* end confdefs.h.  */
| 
| int
| main ()
| {
| #ifndef __GNUC__
|        choke me
| #endif
| 
|   ;
|   return 0;
| }
configure:3892: result: no
configure:3901: checking whether kcc accepts -g
configure:3921: kcc -c -g  conftest.c >&5
./configure: line 1511: kcc: command not found
configure:3921: $? = 127
configure: failed program was:
| /* confdefs.h */
| #define PACKAGE_NAME "itc-benchmarks"
| #define PACKAGE_TARNAME "itc-benchmarks"
| #define PACKAGE_VERSION "1.0"
| #define PACKAGE_STRING "itc-benchmarks 1.0"
| #define PACKAGE_BUGREPORT "https://github.com/regehr/itc-benchmarks/issues"
| #define PACKAGE_URL ""
| #define PACKAGE "itc-benchmarks"
| #define VERSION "1.0"
| /* end confdefs.h.  */
| 
| int
| main ()
| {
| 
|   ;
|   return 0;
| }
configure:3936: kcc -c   conftest.c >&5
./configure: line 1511: kcc: command not found
configure:3936: $? = 127
configure: failed program was:
| /* confdefs.h */
| #define PACKAGE_NAME "itc-benchmarks"
| #define PACKAGE_TARNAME "itc-benchmarks"
| #define PACKAGE_VERSION "1.0"
| #define PACKAGE_STRING "itc-benchmarks 1.0"
| #define PACKAGE_BUGREPORT "https://github.com/regehr/itc-benchmarks/issues"
| #define PACKAGE_URL ""
| #define PACKAGE "itc-benchmarks"
| #define VERSION "1.0"
| /* end confdefs.h.  */
| 
| int
| main ()
| {
| 
|   ;
|   return 0;
| }
configure:3952: kcc -c -g  conftest.c >&5
./configure: line 1511: kcc: command not found
configure:3952: $? = 127
configure: failed program was:
| /* confdefs.h */
| #define PACKAGE_NAME "itc-benchmarks"
| #define PACKAGE_TARNAME "itc-benchmarks"
| #define PACKAGE_VERSION "1.0"
| #define PACKAGE_STRING "itc-benchmarks 1.0"
| #define PACKAGE_BUGREPORT "https://github.com/regehr/itc-benchmarks/issues"
| #define PACKAGE_URL ""
| #define PACKAGE "itc-benchmarks"
| #define VERSION "1.0"
| /* end confdefs.h.  */
| 
| int
| main ()
| {
| 
|   ;
|   return 0;
| }
configure:3962: result: no
configure:3979: checking for kcc option to accept ISO C89
configure:4042: kcc  -c -flint  conftest.c >&5
./configure: line 1511: kcc: command not found
configure:4042: $? = 127
configure: failed program was:
| /* confdefs.h */
| #define PACKAGE_NAME "itc-benchmarks"
| #define PACKAGE_TARNAME "itc-benchmarks"
| #define PACKAGE_VERSION "1.0"
| #define PACKAGE_STRING "itc-benchmarks 1.0"
| #define PACKAGE_BUGREPORT "https://github.com/regehr/itc-benchmarks/issues"
| #define PACKAGE_URL ""
| #define PACKAGE "itc-benchmarks"
| #define VERSION "1.0"
| /* end confdefs.h.  */
| #include <stdarg.h>
| #include <stdio.h>
| struct stat;
| /* Most of the following tests are stolen from RCS 5.7's src/conf.sh.  */
| struct buf { int x; };
| FILE * (*rcsopen) (struct buf *, struct stat *, int);
| static char *e (p, i)
|      char **p;
|      int i;
| {
|   return p[i];
| }
| static char *f (char * (*g) (char **, int), char **p, ...)
| {
|   char *s;
|   va_list v;
|   va_start (v,p);
|   s = g (p, va_arg (v,int));
|   va_end (v);
|   return s;
| }
| 
| /* OSF 4.0 Compaq cc is some sort of almost-ANSI by default.  It has
|    function prototypes and stuff, but not '\xHH' hex character constants.
|    These don't provoke an error unfortunately, instead are silently treated
|    as 'x'.  The following induces an error, until -std is added to get
|    proper ANSI mode.  Curiously '\x00'!='x' always comes out true, for an
|    array size at least.  It's necessary to write '\x00'==0 to get something
|    that's true only with -std.  */
| int osf4_cc_array ['\x00' == 0 ? 1 : -1];
| 
| /* IBM C 6 for AIX is almost-ANSI by default, but it replaces macro parameters
|    inside strings and character constants.  */
| #define FOO(x) 'x'
| int xlc6_cc_array[FOO(a) == 'x' ? 1 : -1];
| 
| int test (int i, double x);
| struct s1 {int (*f) (int a);};
| struct s2 {int (*f) (double a);};
| int pairnames (int, char **, FILE *(*)(struct buf *, struct stat *, int), int, int);
| int argc;
| char **argv;
| int
| main ()
| {
| return f (e, argv, 0) != argv[0]  ||  f (e, argv, 1) != argv[1];
|   ;
|   return 0;
| }
configure:4042: kcc -qlanglvl=extc89 -c -flint  conftest.c >&5
./configure: line 1511: kcc: command not found
configure:4042: $? = 127
configure: failed program was:
| /* confdefs.h */
| #define PACKAGE_NAME "itc-benchmarks"
| #define PACKAGE_TARNAME "itc-benchmarks"
| #define PACKAGE_VERSION "1.0"
| #define PACKAGE_STRING "itc-benchmarks 1.0"
| #define PACKAGE_BUGREPORT "https://github.com/regehr/itc-benchmarks/issues"
| #define PACKAGE_URL ""
| #define PACKAGE "itc-benchmarks"
| #define VERSION "1.0"
| /* end confdefs.h.  */
| #include <stdarg.h>
| #include <stdio.h>
| struct stat;
| /* Most of the following tests are stolen from RCS 5.7's src/conf.sh.  */
| struct buf { int x; };
| FILE * (*rcsopen) (struct buf *, struct stat *, int);
| static char *e (p, i)
|      char **p;
|      int i;
| {
|   return p[i];
| }
| static char *f (char * (*g) (char **, int), char **p, ...)
| {
|   char *s;
|   va_list v;
|   va_start (v,p);
|   s = g (p, va_arg (v,int));
|   va_end (v);
|   return s;
| }
| 
| /* OSF 4.0 Compaq cc is some sort of almost-ANSI by default.  It has
|    function prototypes and stuff, but not '\xHH' hex character constants.
|    These don't provoke an error unfortunately, instead are silently treated
|    as 'x'.  The following induces an error, until -std is added to get
|    proper ANSI mode.  Curiously '\x00'!='x' always comes out true, for an
|    array size at least.  It's necessary to write '\x00'==0 to get something
|    that's true only with -std.  */
| int osf4_cc_array ['\x00' == 0 ? 1 : -1];
| 
| /* IBM C 6 for AIX is almost-ANSI by default, but it replaces macro parameters
|    inside strings and character constants.  */
| #define FOO(x) 'x'
| int xlc6_cc_array[FOO(a) == 'x' ? 1 : -1];
| 
| int test (int i, double x);
| struct s1 {int (*f) (int a);};
| struct s2 {int (*f) (double a);};
| int pairnames (int, char **, FILE *(*)(struct buf *, struct stat *, int), int, int);
| int argc;
| char **argv;
| int
| main ()
| {
| return f (e, argv, 0) != argv[0]  ||  f (e, argv, 1) != argv[1];
|   ;
|   return 0;
| }
configure:4042: kcc -qlanglvl=ansi -c -flint  conftest.c >&5
./configure: line 1511: kcc: command not found
configure:4042: $? = 127
configure: failed program was:
| /* confdefs.h */
| #define PACKAGE_NAME "itc-benchmarks"
| #define PACKAGE_TARNAME "itc-benchmarks"
| #define PACKAGE_VERSION "1.0"
| #define PACKAGE_STRING "itc-benchmarks 1.0"
| #define PACKAGE_BUGREPORT "https://github.com/regehr/itc-benchmarks/issues"
| #define PACKAGE_URL ""
| #define PACKAGE "itc-benchmarks"
| #define VERSION "1.0"
| /* end confdefs.h.  */
| #include <stdarg.h>
| #include <stdio.h>
| struct stat;
| /* Most of the following tests are stolen from RCS 5.7's src/conf.sh.  */
| struct buf { int x; };
| FILE * (*rcsopen) (struct buf *, struct stat *, int);
| static char *e (p, i)
|      char **p;
|      int i;
| {
|   return p[i];
| }
| static char *f (char * (*g) (char **, int), char **p, ...)
| {
|   char *s;
|   va_list v;
|   va_start (v,p);
|   s = g (p, va_arg (v,int));
|   va_end (v);
|   return s;
| }
| 
| /* OSF 4.0 Compaq cc is some sort of almost-ANSI by default.  It has
|    function prototypes and stuff, but not '\xHH' hex character constants.
|    These don't provoke an error unfortunately, instead are silently treated
|    as 'x'.  The following induces an error, until -std is added to get
|    proper ANSI mode.  Curiously '\x00'!='x' always comes out true, for an
|    array size at least.  It's necessary to write '\x00'==0 to get something
|    that's true only with -std.  */
| int osf4_cc_array ['\x00' == 0 ? 1 : -1];
| 
| /* IBM C 6 for AIX is almost-ANSI by default, but it replaces macro parameters
|    inside strings and character constants.  */
| #define FOO(x) 'x'
| int xlc6_cc_array[FOO(a) == 'x' ? 1 : -1];
| 
| int test (int i, double x);
| struct s1 {int (*f) (int a);};
| struct s2 {int (*f) (double a);};
| int pairnames (int, char **, FILE *(*)(struct buf *, struct stat *, int), int, int);
| int argc;
| char **argv;
| int
| main ()
| {
| return f (e, argv, 0) != argv[0]  ||  f (e, argv, 1) != argv[1];
|   ;
|   return 0;
| }
configure:4042: kcc -std -c -flint  conftest.c >&5
./configure: line 1511: kcc: command not found
configure:4042: $? = 127
configure: failed program was:
| /* confdefs.h */
| #define PACKAGE_NAME "itc-benchmarks"
| #define PACKAGE_TARNAME "itc-benchmarks"
| #define PACKAGE_VERSION "1.0"
| #define PACKAGE_STRING "itc-benchmarks 1.0"
| #define PACKAGE_BUGREPORT "https://github.com/regehr/itc-benchmarks/issues"
| #define PACKAGE_URL ""
| #define PACKAGE "itc-benchmarks"
| #define VERSION "1.0"
| /* end confdefs.h.  */
| #include <stdarg.h>
| #include <stdio.h>
| struct stat;
| /* Most of the following tests are stolen from RCS 5.7's src/conf.sh.  */
| struct buf { int x; };
| FILE * (*rcsopen) (struct buf *, struct stat *, int);
| static char *e (p, i)
|      char **p;
|      int i;
| {
|   return p[i];
| }
| static char *f (char * (*g) (char **, int), char **p, ...)
| {
|   char *s;
|   va_list v;
|   va_start (v,p);
|   s = g (p, va_arg (v,int));
|   va_end (v);
|   return s;
| }
| 
| /* OSF 4.0 Compaq cc is some sort of almost-ANSI by default.  It has
|    function prototypes and stuff, but not '\xHH' hex character constants.
|    These don't provoke an error unfortunately, instead are silently treated
|    as 'x'.  The following induces an error, until -std is added to get
|    proper ANSI mode.  Curiously '\x00'!='x' always comes out true, for an
|    array size at least.  It's necessary to write '\x00'==0 to get something
|    that's true only with -std.  */
| int osf4_cc_array ['\x00' == 0 ? 1 : -1];
| 
| /* IBM C 6 for AIX is almost-ANSI by default, but it replaces macro parameters
|    inside strings and character constants.  */
| #define FOO(x) 'x'
| int xlc6_cc_array[FOO(a) == 'x' ? 1 : -1];
| 
| int test (int i, double x);
| struct s1 {int (*f) (int a);};
| struct s2 {int (*f) (double a);};
| int pairnames (int, char **, FILE *(*)(struct buf *, struct stat *, int), int, int);
| int argc;
| char **argv;
| int
| main ()
| {
| return f (e, argv, 0) != argv[0]  ||  f (e, argv, 1) != argv[1];
|   ;
|   return 0;
| }
configure:4042: kcc -Ae -c -flint  conftest.c >&5
./configure: line 1511: kcc: command not found
configure:4042: $? = 127
configure: failed program was:
| /* confdefs.h */
| #define PACKAGE_NAME "itc-benchmarks"
| #define PACKAGE_TARNAME "itc-benchmarks"
| #define PACKAGE_VERSION "1.0"
| #define PACKAGE_STRING "itc-benchmarks 1.0"
| #define PACKAGE_BUGREPORT "https://github.com/regehr/itc-benchmarks/issues"
| #define PACKAGE_URL ""
| #define PACKAGE "itc-benchmarks"
| #define VERSION "1.0"
| /* end confdefs.h.  */
| #include <stdarg.h>
| #include <stdio.h>
| struct stat;
| /* Most of the following tests are stolen from RCS 5.7's src/conf.sh.  */
| struct buf { int x; };
| FILE * (*rcsopen) (struct buf *, struct stat *, int);
| static char *e (p, i)
|      char **p;
|      int i;
| {
|   return p[i];
| }
| static char *f (char * (*g) (char **, int), char **p, ...)
| {
|   char *s;
|   va_list v;
|   va_start (v,p);
|   s = g (p, va_arg (v,int));
|   va_end (v);
|   return s;
| }
| 
| /* OSF 4.0 Compaq cc is some sort of almost-ANSI by default.  It has
|    function prototypes and stuff, but not '\xHH' hex character constants.
|    These don't provoke an error unfortunately, instead are silently treated
|    as 'x'.  The following induces an error, until -std is added to get
|    proper ANSI mode.  Curiously '\x00'!='x' always comes out true, for an
|    array size at least.  It's necessary to write '\x00'==0 to get something
|    that's true only with -std.  */
| int osf4_cc_array ['\x00' == 0 ? 1 : -1];
| 
| /* IBM C 6 for AIX is almost-ANSI by default, but it replaces macro parameters
|    inside strings and character constants.  */
| #define FOO(x) 'x'
| int xlc6_cc_array[FOO(a) == 'x' ? 1 : -1];
| 
| int test (int i, double x);
| struct s1 {int (*f) (int a);};
| struct s2 {int (*f) (double a);};
| int pairnames (int, char **, FILE *(*)(struct buf *, struct stat *, int), int, int);
| int argc;
| char **argv;
| int
| main ()
| {
| return f (e, argv, 0) != argv[0]  ||  f (e, argv, 1) != argv[1];
|   ;
|   return 0;
| }
configure:4042: kcc -Aa -D_HPUX_SOURCE -c -flint  conftest.c >&5
./configure: line 1511: kcc: command not found
configure:4042: $? = 127
configure: failed program was:
| /* confdefs.h */
| #define PACKAGE_NAME "itc-benchmarks"
| #define PACKAGE_TARNAME "itc-benchmarks"
| #define PACKAGE_VERSION "1.0"
| #define PACKAGE_STRING "itc-benchmarks 1.0"
| #define PACKAGE_BUGREPORT "https://github.com/regehr/itc-benchmarks/issues"
| #define PACKAGE_URL ""
| #define PACKAGE "itc-benchmarks"
| #define VERSION "1.0"
| /* end confdefs.h.  */
| #include <stdarg.h>
| #include <stdio.h>
| struct stat;
| /* Most of the following tests are stolen from RCS 5.7's src/conf.sh.  */
| struct buf { int x; };
| FILE * (*rcsopen) (struct buf *, struct stat *, int);
| static char *e (p, i)
|      char **p;
|      int i;
| {
|   return p[i];
| }
| static char *f (char * (*g) (char **, int), char **p, ...)
| {
|   char *s;
|   va_list v;
|   va_start (v,p);
|   s = g (p, va_arg (v,int));
|   va_end (v);
|   return s;
| }
| 
| /* OSF 4.0 Compaq cc is some sort of almost-ANSI by default.  It has
|    function prototypes and stuff, but not '\xHH' hex character constants.
|    These don't provoke an error unfortunately, instead are silently treated
|    as 'x'.  The following induces an error, until -std is added to get
|    proper ANSI mode.  Curiously '\x00'!='x' always comes out true, for an
|    array size at least.  It's necessary to write '\x00'==0 to get something
|    that's true only with -std.  */
| int osf4_cc_array ['\x00' == 0 ? 1 : -1];
| 
| /* IBM C 6 for AIX is almost-ANSI by default, but it replaces macro parameters
|    inside strings and character constants.  */
| #define FOO(x) 'x'
| int xlc6_cc_array[FOO(a) == 'x' ? 1 : -1];
| 
| int test (int i, double x);
| struct s1 {int (*f) (int a);};
| struct s2 {int (*f) (double a);};
| int pairnames (int, char **, FILE *(*)(struct buf *, struct stat *, int), int, int);
| int argc;
| char **argv;
| int
| main ()
| {
| return f (e, argv, 0) != argv[0]  ||  f (e, argv, 1) != argv[1];
|   ;
|   return 0;
| }
configure:4042: kcc -Xc -D__EXTENSIONS__ -c -flint  conftest.c >&5
./configure: line 1511: kcc: command not found
configure:4042: $? = 127
configure: failed program was:
| /* confdefs.h */
| #define PACKAGE_NAME "itc-benchmarks"
| #define PACKAGE_TARNAME "itc-benchmarks"
| #define PACKAGE_VERSION "1.0"
| #define PACKAGE_STRING "itc-benchmarks 1.0"
| #define PACKAGE_BUGREPORT "https://github.com/regehr/itc-benchmarks/issues"
| #define PACKAGE_URL ""
| #define PACKAGE "itc-benchmarks"
| #define VERSION "1.0"
| /* end confdefs.h.  */
| #include <stdarg.h>
| #include <stdio.h>
| struct stat;
| /* Most of the following tests are stolen from RCS 5.7's src/conf.sh.  */
| struct buf { int x; };
| FILE * (*rcsopen) (struct buf *, struct stat *, int);
| static char *e (p, i)
|      char **p;
|      int i;
| {
|   return p[i];
| }
| static char *f (char * (*g) (char **, int), char **p, ...)
| {
|   char *s;
|   va_list v;
|   va_start (v,p);
|   s = g (p, va_arg (v,int));
|   va_end (v);
|   return s;
| }
| 
| /* OSF 4.0 Compaq cc is some sort of almost-ANSI by default.  It has
|    function prototypes and stuff, but not '\xHH' hex character constants.
|    These don't provoke an error unfortunately, instead are silently treated
|    as 'x'.  The following induces an error, until -std is added to get
|    proper ANSI mode.  Curiously '\x00'!='x' always comes out true, for an
|    array size at least.  It's necessary to write '\x00'==0 to get something
|    that's true only with -std.  */
| int osf4_cc_array ['\x00' == 0 ? 1 : -1];
| 
| /* IBM C 6 for AIX is almost-ANSI by default, but it replaces macro parameters
|    inside strings and character constants.  */
| #define FOO(x) 'x'
| int xlc6_cc_array[FOO(a) == 'x' ? 1 : -1];
| 
| int test (int i, double x);
| struct s1 {int (*f) (int a);};
| struct s2 {int (*f) (double a);};
| int pairnames (int, char **, FILE *(*)(struct buf *, struct stat *, int), int, int);
| int argc;
| char **argv;
| int
| main ()
| {
| return f (e, argv, 0) != argv[0]  ||  f (e, argv, 1) != argv[1];
|   ;
|   return 0;
| }
configure:4058: result: unsupported
configure:4080: checking whether kcc understands -c and -o together
configure:4102: kcc -c conftest.c -o conftest2.o
./configure: line 4103: kcc: command not found
configure:4105: $? = 127
configure:4117: result: no
configure:4136: checking dependency style of /home/a967a038/Downloads/RESEARCH/gith/RES_NEW/toyota-itc-benchmarks/compile kcc
configure:4247: result: none
configure:4272: checking how to run the C preprocessor
configure:4303: /home/a967a038/Downloads/RESEARCH/gith/RES_NEW/toyota-itc-benchmarks/compile kcc -E  conftest.c
/home/a967a038/Downloads/RESEARCH/gith/RES_NEW/toyota-itc-benchmarks/compile: 307: exec: kcc: not found
configure:4303: $? = 127
configure: failed program was:
| /* confdefs.h */
| #define PACKAGE_NAME "itc-benchmarks"
| #define PACKAGE_TARNAME "itc-benchmarks"
| #define PACKAGE_VERSION "1.0"
| #define PACKAGE_STRING "itc-benchmarks 1.0"
| #define PACKAGE_BUGREPORT "https://github.com/regehr/itc-benchmarks/issues"
| #define PACKAGE_URL ""
| #define PACKAGE "itc-benchmarks"
| #define VERSION "1.0"
| /* end confdefs.h.  */
| #ifdef __STDC__
| # include <limits.h>
| #else
| # include <assert.h>
| #endif
| 		     Syntax error
configure:4303: /home/a967a038/Downloads/RESEARCH/gith/RES_NEW/toyota-itc-benchmarks/compile kcc -E  conftest.c
/home/a967a038/Downloads/RESEARCH/gith/RES_NEW/toyota-itc-benchmarks/compile: 307: exec: kcc: not found
configure:4303: $? = 127
configure: failed program was:
| /* confdefs.h */
| #define PACKAGE_NAME "itc-benchmarks"
| #define PACKAGE_TARNAME "itc-benchmarks"
| #define PACKAGE_VERSION "1.0"
| #define PACKAGE_STRING "itc-benchmarks 1.0"
| #define PACKAGE_BUGREPORT "https://github.com/regehr/itc-benchmarks/issues"
| #define PACKAGE_URL ""
| #define PACKAGE "itc-benchmarks"
| #define VERSION "1.0"
| /* end confdefs.h.  */
| #ifdef __STDC__
| # include <limits.h>
| #else
| # include <assert.h>
| #endif
| 		     Syntax error
configure:4303: /home/a967a038/Downloads/RESEARCH/gith/RES_NEW/toyota-itc-benchmarks/compile kcc -E -traditional-cpp  conftest.c
/home/a967a038/Downloads/RESEARCH/gith/RES_NEW/toyota-itc-benchmarks/compile: 307: exec: kcc: not found
configure:4303: $? = 127
configure: failed program was:
| /* confdefs.h */
| #define PACKAGE_NAME "itc-benchmarks"
| #define PACKAGE_TARNAME "itc-benchmarks"
| #define PACKAGE_VERSION "1.0"
| #define PACKAGE_STRING "itc-benchmarks 1.0"
| #define PACKAGE_BUGREPORT "https://github.com/regehr/itc-benchmarks/issues"
| #define PACKAGE_URL ""
| #define PACKAGE "itc-benchmarks"
| #define VERSION "1.0"
| /* end confdefs.h.  */
| #ifdef __STDC__
| # include <limits.h>
| #else
| # include <assert.h>
| #endif
| 		     Syntax error
configure:4303: /home/a967a038/Downloads/RESEARCH/gith/RES_NEW/toyota-itc-benchmarks/compile kcc -E -traditional-cpp  conftest.c
/home/a967a038/Downloads/RESEARCH/gith/RES_NEW/toyota-itc-benchmarks/compile: 307: exec: kcc: not found
configure:4303: $? = 127
configure: failed program was:
| /* confdefs.h */
| #define PACKAGE_NAME "itc-benchmarks"
| #define PACKAGE_TARNAME "itc-benchmarks"
| #define PACKAGE_VERSION "1.0"
| #define PACKAGE_STRING "itc-benchmarks 1.0"
| #define PACKAGE_BUGREPORT "https://github.com/regehr/itc-benchmarks/issues"
| #define PACKAGE_URL ""
| #define PACKAGE "itc-benchmarks"
| #define VERSION "1.0"
| /* end confdefs.h.  */
| #ifdef __STDC__
| # include <limits.h>
| #else
| # include <assert.h>
| #endif
| 		     Syntax error
configure:4303: /lib/cpp  conftest.c
configure:4303: $? = 0
configure:4317: /lib/cpp  conftest.c
conftest.c:11:10: fatal error: ac_nonexistent.h: No such file or directory
   11 | #include <ac_nonexistent.h>
      |          ^~~~~~~~~~~~~~~~~~
compilation terminated.
configure:4317: $? = 1
configure: failed program was:
| /* confdefs.h */
| #define PACKAGE_NAME "itc-benchmarks"
| #define PACKAGE_TARNAME "itc-benchmarks"
| #define PACKAGE_VERSION "1.0"
| #define PACKAGE_STRING "itc-benchmarks 1.0"
| #define PACKAGE_BUGREPORT "https://github.com/regehr/itc-benchmarks/issues"
| #define PACKAGE_URL ""
| #define PACKAGE "itc-benchmarks"
| #define VERSION "1.0"
| /* end confdefs.h.  */
| #include <ac_nonexistent.h>
configure:4342: result: /lib/cpp
configure:4362: /lib/cpp  conftest.c
configure:4362: $? = 0
configure:4376: /lib/cpp  conftest.c
conftest.c:11:10: fatal error: ac_nonexistent.h: No such file or directory
   11 | #include <ac_nonexistent.h>
      |          ^~~~~~~~~~~~~~~~~~
compilation terminated.
configure:4376: $? = 1
configure: failed program was:
| /* confdefs.h */
| #define PACKAGE_NAME "itc-benchmarks"
| #define PACKAGE_TARNAME "itc-benchmarks"
| #define PACKAGE_VERSION "1.0"
| #define PACKAGE_STRING "itc-benchmarks 1.0"
| #define PACKAGE_BUGREPORT "https://github.com/regehr/itc-benchmarks/issues"
| #define PACKAGE_URL ""
| #define PACKAGE "itc-benchmarks"
| #define VERSION "1.0"
| /* end confdefs.h.  */
| #include <ac_nonexistent.h>
configure:4405: checking for grep that handles long lines and -e
configure:4463: result: /bin/grep
configure:4468: checking for egrep
configure:4530: result: /bin/grep -E
configure:4535: checking for ANSI C header files
configure:4555: /home/a967a038/Downloads/RESEARCH/gith/RES_NEW/toyota-itc-benchmarks/compile kcc -c -flint  conftest.c >&5
/home/a967a038/Downloads/RESEARCH/gith/RES_NEW/toyota-itc-benchmarks/compile: 307: exec: kcc: not found
configure:4555: $? = 127
configure: failed program was:
| /* confdefs.h */
| #define PACKAGE_NAME "itc-benchmarks"
| #define PACKAGE_TARNAME "itc-benchmarks"
| #define PACKAGE_VERSION "1.0"
| #define PACKAGE_STRING "itc-benchmarks 1.0"
| #define PACKAGE_BUGREPORT "https://github.com/regehr/itc-benchmarks/issues"
| #define PACKAGE_URL ""
| #define PACKAGE "itc-benchmarks"
| #define VERSION "1.0"
| /* end confdefs.h.  */
| #include <stdlib.h>
| #include <stdarg.h>
| #include <string.h>
| #include <float.h>
| 
| int
| main ()
| {
| 
|   ;
|   return 0;
| }
configure:4639: result: no
configure:4652: checking for sys/types.h
configure:4652: /home/a967a038/Downloads/RESEARCH/gith/RES_NEW/toyota-itc-benchmarks/compile kcc -c -flint  conftest.c >&5
/home/a967a038/Downloads/RESEARCH/gith/RES_NEW/toyota-itc-benchmarks/compile: 307: exec: kcc: not found
configure:4652: $? = 127
configure: failed program was:
| /* confdefs.h */
| #define PACKAGE_NAME "itc-benchmarks"
| #define PACKAGE_TARNAME "itc-benchmarks"
| #define PACKAGE_VERSION "1.0"
| #define PACKAGE_STRING "itc-benchmarks 1.0"
| #define PACKAGE_BUGREPORT "https://github.com/regehr/itc-benchmarks/issues"
| #define PACKAGE_URL ""
| #define PACKAGE "itc-benchmarks"
| #define VERSION "1.0"
| /* end confdefs.h.  */
| #include <stdio.h>
| #ifdef HAVE_SYS_TYPES_H
| # include <sys/types.h>
| #endif
| #ifdef HAVE_SYS_STAT_H
| # include <sys/stat.h>
| #endif
| #ifdef STDC_HEADERS
| # include <stdlib.h>
| # include <stddef.h>
| #else
| # ifdef HAVE_STDLIB_H
| #  include <stdlib.h>
| # endif
| #endif
| #ifdef HAVE_STRING_H
| # if !defined STDC_HEADERS && defined HAVE_MEMORY_H
| #  include <memory.h>
| # endif
| # include <string.h>
| #endif
| #ifdef HAVE_STRINGS_H
| # include <strings.h>
| #endif
| #ifdef HAVE_INTTYPES_H
| # include <inttypes.h>
| #endif
| #ifdef HAVE_STDINT_H
| # include <stdint.h>
| #endif
| #ifdef HAVE_UNISTD_H
| # include <unistd.h>
| #endif
| 
| #include <sys/types.h>
configure:4652: result: no
configure:4652: checking for sys/stat.h
configure:4652: /home/a967a038/Downloads/RESEARCH/gith/RES_NEW/toyota-itc-benchmarks/compile kcc -c -flint  conftest.c >&5
/home/a967a038/Downloads/RESEARCH/gith/RES_NEW/toyota-itc-benchmarks/compile: 307: exec: kcc: not found
configure:4652: $? = 127
configure: failed program was:
| /* confdefs.h */
| #define PACKAGE_NAME "itc-benchmarks"
| #define PACKAGE_TARNAME "itc-benchmarks"
| #define PACKAGE_VERSION "1.0"
| #define PACKAGE_STRING "itc-benchmarks 1.0"
| #define PACKAGE_BUGREPORT "https://github.com/regehr/itc-benchmarks/issues"
| #define PACKAGE_URL ""
| #define PACKAGE "itc-benchmarks"
| #define VERSION "1.0"
| /* end confdefs.h.  */
| #include <stdio.h>
| #ifdef HAVE_SYS_TYPES_H
| # include <sys/types.h>
| #endif
| #ifdef HAVE_SYS_STAT_H
| # include <sys/stat.h>
| #endif
| #ifdef STDC_HEADERS
| # include <stdlib.h>
| # include <stddef.h>
| #else
| # ifdef HAVE_STDLIB_H
| #  include <stdlib.h>
| # endif
| #endif
| #ifdef HAVE_STRING_H
| # if !defined STDC_HEADERS && defined HAVE_MEMORY_H
| #  include <memory.h>
| # endif
| # include <string.h>
| #endif
| #ifdef HAVE_STRINGS_H
| # include <strings.h>
| #endif
| #ifdef HAVE_INTTYPES_H
| # include <inttypes.h>
| #endif
| #ifdef HAVE_STDINT_H
| # include <stdint.h>
| #endif
| #ifdef HAVE_UNISTD_H
| # include <unistd.h>
| #endif
| 
| #include <sys/stat.h>
configure:4652: result: no
configure:4652: checking for stdlib.h
configure:4652: /home/a967a038/Downloads/RESEARCH/gith/RES_NEW/toyota-itc-benchmarks/compile kcc -c -flint  conftest.c >&5
/home/a967a038/Downloads/RESEARCH/gith/RES_NEW/toyota-itc-benchmarks/compile: 307: exec: kcc: not found
configure:4652: $? = 127
configure: failed program was:
| /* confdefs.h */
| #define PACKAGE_NAME "itc-benchmarks"
| #define PACKAGE_TARNAME "itc-benchmarks"
| #define PACKAGE_VERSION "1.0"
| #define PACKAGE_STRING "itc-benchmarks 1.0"
| #define PACKAGE_BUGREPORT "https://github.com/regehr/itc-benchmarks/issues"
| #define PACKAGE_URL ""
| #define PACKAGE "itc-benchmarks"
| #define VERSION "1.0"
| /* end confdefs.h.  */
| #include <stdio.h>
| #ifdef HAVE_SYS_TYPES_H
| # include <sys/types.h>
| #endif
| #ifdef HAVE_SYS_STAT_H
| # include <sys/stat.h>
| #endif
| #ifdef STDC_HEADERS
| # include <stdlib.h>
| # include <stddef.h>
| #else
| # ifdef HAVE_STDLIB_H
| #  include <stdlib.h>
| # endif
| #endif
| #ifdef HAVE_STRING_H
| # if !defined STDC_HEADERS && defined HAVE_MEMORY_H
| #  include <memory.h>
| # endif
| # include <string.h>
| #endif
| #ifdef HAVE_STRINGS_H
| # include <strings.h>
| #endif
| #ifdef HAVE_INTTYPES_H
| # include <inttypes.h>
| #endif
| #ifdef HAVE_STDINT_H
| # include <stdint.h>
| #endif
| #ifdef HAVE_UNISTD_H
| # include <unistd.h>
| #endif
| 
| #include <stdlib.h>
configure:4652: result: no
configure:4652: checking for string.h
configure:4652: /home/a967a038/Downloads/RESEARCH/gith/RES_NEW/toyota-itc-benchmarks/compile kcc -c -flint  conftest.c >&5
/home/a967a038/Downloads/RESEARCH/gith/RES_NEW/toyota-itc-benchmarks/compile: 307: exec: kcc: not found
configure:4652: $? = 127
configure: failed program was:
| /* confdefs.h */
| #define PACKAGE_NAME "itc-benchmarks"
| #define PACKAGE_TARNAME "itc-benchmarks"
| #define PACKAGE_VERSION "1.0"
| #define PACKAGE_STRING "itc-benchmarks 1.0"
| #define PACKAGE_BUGREPORT "https://github.com/regehr/itc-benchmarks/issues"
| #define PACKAGE_URL ""
| #define PACKAGE "itc-benchmarks"
| #define VERSION "1.0"
| /* end confdefs.h.  */
| #include <stdio.h>
| #ifdef HAVE_SYS_TYPES_H
| # include <sys/types.h>
| #endif
| #ifdef HAVE_SYS_STAT_H
| # include <sys/stat.h>
| #endif
| #ifdef STDC_HEADERS
| # include <stdlib.h>
| # include <stddef.h>
| #else
| # ifdef HAVE_STDLIB_H
| #  include <stdlib.h>
| # endif
| #endif
| #ifdef HAVE_STRING_H
| # if !defined STDC_HEADERS && defined HAVE_MEMORY_H
| #  include <memory.h>
| # endif
| # include <string.h>
| #endif
| #ifdef HAVE_STRINGS_H
| # include <strings.h>
| #endif
| #ifdef HAVE_INTTYPES_H
| # include <inttypes.h>
| #endif
| #ifdef HAVE_STDINT_H
| # include <stdint.h>
| #endif
| #ifdef HAVE_UNISTD_H
| # include <unistd.h>
| #endif
| 
| #include <string.h>
configure:4652: result: no
configure:4652: checking for memory.h
configure:4652: /home/a967a038/Downloads/RESEARCH/gith/RES_NEW/toyota-itc-benchmarks/compile kcc -c -flint  conftest.c >&5
/home/a967a038/Downloads/RESEARCH/gith/RES_NEW/toyota-itc-benchmarks/compile: 307: exec: kcc: not found
configure:4652: $? = 127
configure: failed program was:
| /* confdefs.h */
| #define PACKAGE_NAME "itc-benchmarks"
| #define PACKAGE_TARNAME "itc-benchmarks"
| #define PACKAGE_VERSION "1.0"
| #define PACKAGE_STRING "itc-benchmarks 1.0"
| #define PACKAGE_BUGREPORT "https://github.com/regehr/itc-benchmarks/issues"
| #define PACKAGE_URL ""
| #define PACKAGE "itc-benchmarks"
| #define VERSION "1.0"
| /* end confdefs.h.  */
| #include <stdio.h>
| #ifdef HAVE_SYS_TYPES_H
| # include <sys/types.h>
| #endif
| #ifdef HAVE_SYS_STAT_H
| # include <sys/stat.h>
| #endif
| #ifdef STDC_HEADERS
| # include <stdlib.h>
| # include <stddef.h>
| #else
| # ifdef HAVE_STDLIB_H
| #  include <stdlib.h>
| # endif
| #endif
| #ifdef HAVE_STRING_H
| # if !defined STDC_HEADERS && defined HAVE_MEMORY_H
| #  include <memory.h>
| # endif
| # include <string.h>
| #endif
| #ifdef HAVE_STRINGS_H
| # include <strings.h>
| #endif
| #ifdef HAVE_INTTYPES_H
| # include <inttypes.h>
| #endif
| #ifdef HAVE_STDINT_H
| # include <stdint.h>
| #endif
| #ifdef HAVE_UNISTD_H
| # include <unistd.h>
| #endif
| 
| #include <memory.h>
configure:4652: result: no
configure:4652: checking for strings.h
configure:4652: /home/a967a038/Downloads/RESEARCH/gith/RES_NEW/toyota-itc-benchmarks/compile kcc -c -flint  conftest.c >&5
/home/a967a038/Downloads/RESEARCH/gith/RES_NEW/toyota-itc-benchmarks/compile: 307: exec: kcc: not found
configure:4652: $? = 127
configure: failed program was:
| /* confdefs.h */
| #define PACKAGE_NAME "itc-benchmarks"
| #define PACKAGE_TARNAME "itc-benchmarks"
| #define PACKAGE_VERSION "1.0"
| #define PACKAGE_STRING "itc-benchmarks 1.0"
| #define PACKAGE_BUGREPORT "https://github.com/regehr/itc-benchmarks/issues"
| #define PACKAGE_URL ""
| #define PACKAGE "itc-benchmarks"
| #define VERSION "1.0"
| /* end confdefs.h.  */
| #include <stdio.h>
| #ifdef HAVE_SYS_TYPES_H
| # include <sys/types.h>
| #endif
| #ifdef HAVE_SYS_STAT_H
| # include <sys/stat.h>
| #endif
| #ifdef STDC_HEADERS
| # include <stdlib.h>
| # include <stddef.h>
| #else
| # ifdef HAVE_STDLIB_H
| #  include <stdlib.h>
| # endif
| #endif
| #ifdef HAVE_STRING_H
| # if !defined STDC_HEADERS && defined HAVE_MEMORY_H
| #  include <memory.h>
| # endif
| # include <string.h>
| #endif
| #ifdef HAVE_STRINGS_H
| # include <strings.h>
| #endif
| #ifdef HAVE_INTTYPES_H
| # include <inttypes.h>
| #endif
| #ifdef HAVE_STDINT_H
| # include <stdint.h>
| #endif
| #ifdef HAVE_UNISTD_H
| # include <unistd.h>
| #endif
| 
| #include <strings.h>
configure:4652: result: no
configure:4652: checking for inttypes.h
configure:4652: /home/a967a038/Downloads/RESEARCH/gith/RES_NEW/toyota-itc-benchmarks/compile kcc -c -flint  conftest.c >&5
/home/a967a038/Downloads/RESEARCH/gith/RES_NEW/toyota-itc-benchmarks/compile: 307: exec: kcc: not found
configure:4652: $? = 127
configure: failed program was:
| /* confdefs.h */
| #define PACKAGE_NAME "itc-benchmarks"
| #define PACKAGE_TARNAME "itc-benchmarks"
| #define PACKAGE_VERSION "1.0"
| #define PACKAGE_STRING "itc-benchmarks 1.0"
| #define PACKAGE_BUGREPORT "https://github.com/regehr/itc-benchmarks/issues"
| #define PACKAGE_URL ""
| #define PACKAGE "itc-benchmarks"
| #define VERSION "1.0"
| /* end confdefs.h.  */
| #include <stdio.h>
| #ifdef HAVE_SYS_TYPES_H
| # include <sys/types.h>
| #endif
| #ifdef HAVE_SYS_STAT_H
| # include <sys/stat.h>
| #endif
| #ifdef STDC_HEADERS
| # include <stdlib.h>
| # include <stddef.h>
| #else
| # ifdef HAVE_STDLIB_H
| #  include <stdlib.h>
| # endif
| #endif
| #ifdef HAVE_STRING_H
| # if !defined STDC_HEADERS && defined HAVE_MEMORY_H
| #  include <memory.h>
| # endif
| # include <string.h>
| #endif
| #ifdef HAVE_STRINGS_H
| # include <strings.h>
| #endif
| #ifdef HAVE_INTTYPES_H
| # include <inttypes.h>
| #endif
| #ifdef HAVE_STDINT_H
| # include <stdint.h>
| #endif
| #ifdef HAVE_UNISTD_H
| # include <unistd.h>
| #endif
| 
| #include <inttypes.h>
configure:4652: result: no
configure:4652: checking for stdint.h
configure:4652: /home/a967a038/Downloads/RESEARCH/gith/RES_NEW/toyota-itc-benchmarks/compile kcc -c -flint  conftest.c >&5
/home/a967a038/Downloads/RESEARCH/gith/RES_NEW/toyota-itc-benchmarks/compile: 307: exec: kcc: not found
configure:4652: $? = 127
configure: failed program was:
| /* confdefs.h */
| #define PACKAGE_NAME "itc-benchmarks"
| #define PACKAGE_TARNAME "itc-benchmarks"
| #define PACKAGE_VERSION "1.0"
| #define PACKAGE_STRING "itc-benchmarks 1.0"
| #define PACKAGE_BUGREPORT "https://github.com/regehr/itc-benchmarks/issues"
| #define PACKAGE_URL ""
| #define PACKAGE "itc-benchmarks"
| #define VERSION "1.0"
| /* end confdefs.h.  */
| #include <stdio.h>
| #ifdef HAVE_SYS_TYPES_H
| # include <sys/types.h>
| #endif
| #ifdef HAVE_SYS_STAT_H
| # include <sys/stat.h>
| #endif
| #ifdef STDC_HEADERS
| # include <stdlib.h>
| # include <stddef.h>
| #else
| # ifdef HAVE_STDLIB_H
| #  include <stdlib.h>
| # endif
| #endif
| #ifdef HAVE_STRING_H
| # if !defined STDC_HEADERS && defined HAVE_MEMORY_H
| #  include <memory.h>
| # endif
| # include <string.h>
| #endif
| #ifdef HAVE_STRINGS_H
| # include <strings.h>
| #endif
| #ifdef HAVE_INTTYPES_H
| # include <inttypes.h>
| #endif
| #ifdef HAVE_STDINT_H
| # include <stdint.h>
| #endif
| #ifdef HAVE_UNISTD_H
| # include <unistd.h>
| #endif
| 
| #include <stdint.h>
configure:4652: result: no
configure:4652: checking for unistd.h
configure:4652: /home/a967a038/Downloads/RESEARCH/gith/RES_NEW/toyota-itc-benchmarks/compile kcc -c -flint  conftest.c >&5
/home/a967a038/Downloads/RESEARCH/gith/RES_NEW/toyota-itc-benchmarks/compile: 307: exec: kcc: not found
configure:4652: $? = 127
configure: failed program was:
| /* confdefs.h */
| #define PACKAGE_NAME "itc-benchmarks"
| #define PACKAGE_TARNAME "itc-benchmarks"
| #define PACKAGE_VERSION "1.0"
| #define PACKAGE_STRING "itc-benchmarks 1.0"
| #define PACKAGE_BUGREPORT "https://github.com/regehr/itc-benchmarks/issues"
| #define PACKAGE_URL ""
| #define PACKAGE "itc-benchmarks"
| #define VERSION "1.0"
| /* end confdefs.h.  */
| #include <stdio.h>
| #ifdef HAVE_SYS_TYPES_H
| # include <sys/types.h>
| #endif
| #ifdef HAVE_SYS_STAT_H
| # include <sys/stat.h>
| #endif
| #ifdef STDC_HEADERS
| # include <stdlib.h>
| # include <stddef.h>
| #else
| # ifdef HAVE_STDLIB_H
| #  include <stdlib.h>
| # endif
| #endif
| #ifdef HAVE_STRING_H
| # if !defined STDC_HEADERS && defined HAVE_MEMORY_H
| #  include <memory.h>
| # endif
| # include <string.h>
| #endif
| #ifdef HAVE_STRINGS_H
| # include <strings.h>
| #endif
| #ifdef HAVE_INTTYPES_H
| # include <inttypes.h>
| #endif
| #ifdef HAVE_STDINT_H
| # include <stdint.h>
| #endif
| #ifdef HAVE_UNISTD_H
| # include <unistd.h>
| #endif
| 
| #include <unistd.h>
configure:4652: result: no
configure:4667: checking netinet/in.h usability
configure:4667: /home/a967a038/Downloads/RESEARCH/gith/RES_NEW/toyota-itc-benchmarks/compile kcc -c -flint  conftest.c >&5
/home/a967a038/Downloads/RESEARCH/gith/RES_NEW/toyota-itc-benchmarks/compile: 307: exec: kcc: not found
configure:4667: $? = 127
configure: failed program was:
| /* confdefs.h */
| #define PACKAGE_NAME "itc-benchmarks"
| #define PACKAGE_TARNAME "itc-benchmarks"
| #define PACKAGE_VERSION "1.0"
| #define PACKAGE_STRING "itc-benchmarks 1.0"
| #define PACKAGE_BUGREPORT "https://github.com/regehr/itc-benchmarks/issues"
| #define PACKAGE_URL ""
| #define PACKAGE "itc-benchmarks"
| #define VERSION "1.0"
| /* end confdefs.h.  */
| #include <stdio.h>
| #ifdef HAVE_SYS_TYPES_H
| # include <sys/types.h>
| #endif
| #ifdef HAVE_SYS_STAT_H
| # include <sys/stat.h>
| #endif
| #ifdef STDC_HEADERS
| # include <stdlib.h>
| # include <stddef.h>
| #else
| # ifdef HAVE_STDLIB_H
| #  include <stdlib.h>
| # endif
| #endif
| #ifdef HAVE_STRING_H
| # if !defined STDC_HEADERS && defined HAVE_MEMORY_H
| #  include <memory.h>
| # endif
| # include <string.h>
| #endif
| #ifdef HAVE_STRINGS_H
| # include <strings.h>
| #endif
| #ifdef HAVE_INTTYPES_H
| # include <inttypes.h>
| #endif
| #ifdef HAVE_STDINT_H
| # include <stdint.h>
| #endif
| #ifdef HAVE_UNISTD_H
| # include <unistd.h>
| #endif
| #include <netinet/in.h>
configure:4667: result: no
configure:4667: checking netinet/in.h presence
configure:4667: /lib/cpp  conftest.c
configure:4667: $? = 0
configure:4667: result: yes
configure:4667: WARNING: netinet/in.h: present but cannot be compiled
configure:4667: WARNING: netinet/in.h:     check for missing prerequisite headers?
configure:4667: WARNING: netinet/in.h: see the Autoconf documentation
configure:4667: WARNING: netinet/in.h:     section "Present But Cannot Be Compiled"
configure:4667: WARNING: netinet/in.h: proceeding with the compiler's result
configure:4667: checking for netinet/in.h
configure:4667: result: no
configure:4667: checking for stdlib.h
configure:4667: result: no
configure:4667: checking for string.h
configure:4667: result: no
configure:4667: checking sys/socket.h usability
configure:4667: /home/a967a038/Downloads/RESEARCH/gith/RES_NEW/toyota-itc-benchmarks/compile kcc -c -flint  conftest.c >&5
/home/a967a038/Downloads/RESEARCH/gith/RES_NEW/toyota-itc-benchmarks/compile: 307: exec: kcc: not found
configure:4667: $? = 127
configure: failed program was:
| /* confdefs.h */
| #define PACKAGE_NAME "itc-benchmarks"
| #define PACKAGE_TARNAME "itc-benchmarks"
| #define PACKAGE_VERSION "1.0"
| #define PACKAGE_STRING "itc-benchmarks 1.0"
| #define PACKAGE_BUGREPORT "https://github.com/regehr/itc-benchmarks/issues"
| #define PACKAGE_URL ""
| #define PACKAGE "itc-benchmarks"
| #define VERSION "1.0"
| /* end confdefs.h.  */
| #include <stdio.h>
| #ifdef HAVE_SYS_TYPES_H
| # include <sys/types.h>
| #endif
| #ifdef HAVE_SYS_STAT_H
| # include <sys/stat.h>
| #endif
| #ifdef STDC_HEADERS
| # include <stdlib.h>
| # include <stddef.h>
| #else
| # ifdef HAVE_STDLIB_H
| #  include <stdlib.h>
| # endif
| #endif
| #ifdef HAVE_STRING_H
| # if !defined STDC_HEADERS && defined HAVE_MEMORY_H
| #  include <memory.h>
| # endif
| # include <string.h>
| #endif
| #ifdef HAVE_STRINGS_H
| # include <strings.h>
| #endif
| #ifdef HAVE_INTTYPES_H
| # include <inttypes.h>
| #endif
| #ifdef HAVE_STDINT_H
| # include <stdint.h>
| #endif
| #ifdef HAVE_UNISTD_H
| # include <unistd.h>
| #endif
| #include <sys/socket.h>
configure:4667: result: no
configure:4667: checking sys/socket.h presence
configure:4667: /lib/cpp  conftest.c
configure:4667: $? = 0
configure:4667: result: yes
configure:4667: WARNING: sys/socket.h: present but cannot be compiled
configure:4667: WARNING: sys/socket.h:     check for missing prerequisite headers?
configure:4667: WARNING: sys/socket.h: see the Autoconf documentation
configure:4667: WARNING: sys/socket.h:     section "Present But Cannot Be Compiled"
configure:4667: WARNING: sys/socket.h: proceeding with the compiler's result
configure:4667: checking for sys/socket.h
configure:4667: result: no
configure:4667: checking for unistd.h
configure:4667: result: no
configure:4679: checking for stdbool.h that conforms to C99
configure:4746: /home/a967a038/Downloads/RESEARCH/gith/RES_NEW/toyota-itc-benchmarks/compile kcc -c -flint  conftest.c >&5
/home/a967a038/Downloads/RESEARCH/gith/RES_NEW/toyota-itc-benchmarks/compile: 307: exec: kcc: not found
configure:4746: $? = 127
configure: failed program was:
| /* confdefs.h */
| #define PACKAGE_NAME "itc-benchmarks"
| #define PACKAGE_TARNAME "itc-benchmarks"
| #define PACKAGE_VERSION "1.0"
| #define PACKAGE_STRING "itc-benchmarks 1.0"
| #define PACKAGE_BUGREPORT "https://github.com/regehr/itc-benchmarks/issues"
| #define PACKAGE_URL ""
| #define PACKAGE "itc-benchmarks"
| #define VERSION "1.0"
| /* end confdefs.h.  */
| 
|              #include <stdbool.h>
|              #ifndef bool
|               "error: bool is not defined"
|              #endif
|              #ifndef false
|               "error: false is not defined"
|              #endif
|              #if false
|               "error: false is not 0"
|              #endif
|              #ifndef true
|               "error: true is not defined"
|              #endif
|              #if true != 1
|               "error: true is not 1"
|              #endif
|              #ifndef __bool_true_false_are_defined
|               "error: __bool_true_false_are_defined is not defined"
|              #endif
| 
|              struct s { _Bool s: 1; _Bool t; } s;
| 
|              char a[true == 1 ? 1 : -1];
|              char b[false == 0 ? 1 : -1];
|              char c[__bool_true_false_are_defined == 1 ? 1 : -1];
|              char d[(bool) 0.5 == true ? 1 : -1];
|              /* See body of main program for 'e'.  */
|              char f[(_Bool) 0.0 == false ? 1 : -1];
|              char g[true];
|              char h[sizeof (_Bool)];
|              char i[sizeof s.t];
|              enum { j = false, k = true, l = false * true, m = true * 256 };
|              /* The following fails for
|                 HP aC++/ANSI C B3910B A.05.55 [Dec 04 2003]. */
|              _Bool n[m];
|              char o[sizeof n == m * sizeof n[0] ? 1 : -1];
|              char p[-1 - (_Bool) 0 < 0 && -1 - (bool) 0 < 0 ? 1 : -1];
|              /* Catch a bug in an HP-UX C compiler.  See
|                 http://gcc.gnu.org/ml/gcc-patches/2003-12/msg02303.html
|                 http://lists.gnu.org/archive/html/bug-coreutils/2005-11/msg00161.html
|               */
|              _Bool q = true;
|              _Bool *pq = &q;
| 
| int
| main ()
| {
| 
|              bool e = &s;
|              *pq |= q;
|              *pq |= ! q;
|              /* Refer to every declared value, to avoid compiler optimizations.  */
|              return (!a + !b + !c + !d + !e + !f + !g + !h + !i + !!j + !k + !!l
|                      + !m + !n + !o + !p + !q + !pq);
| 
|   ;
|   return 0;
| }
configure:4753: result: no
configure:4755: checking for _Bool
configure:4755: /home/a967a038/Downloads/RESEARCH/gith/RES_NEW/toyota-itc-benchmarks/compile kcc -c -flint  conftest.c >&5
/home/a967a038/Downloads/RESEARCH/gith/RES_NEW/toyota-itc-benchmarks/compile: 307: exec: kcc: not found
configure:4755: $? = 127
configure: failed program was:
| /* confdefs.h */
| #define PACKAGE_NAME "itc-benchmarks"
| #define PACKAGE_TARNAME "itc-benchmarks"
| #define PACKAGE_VERSION "1.0"
| #define PACKAGE_STRING "itc-benchmarks 1.0"
| #define PACKAGE_BUGREPORT "https://github.com/regehr/itc-benchmarks/issues"
| #define PACKAGE_URL ""
| #define PACKAGE "itc-benchmarks"
| #define VERSION "1.0"
| /* end confdefs.h.  */
| #include <stdio.h>
| #ifdef HAVE_SYS_TYPES_H
| # include <sys/types.h>
| #endif
| #ifdef HAVE_SYS_STAT_H
| # include <sys/stat.h>
| #endif
| #ifdef STDC_HEADERS
| # include <stdlib.h>
| # include <stddef.h>
| #else
| # ifdef HAVE_STDLIB_H
| #  include <stdlib.h>
| # endif
| #endif
| #ifdef HAVE_STRING_H
| # if !defined STDC_HEADERS && defined HAVE_MEMORY_H
| #  include <memory.h>
| # endif
| # include <string.h>
| #endif
| #ifdef HAVE_STRINGS_H
| # include <strings.h>
| #endif
| #ifdef HAVE_INTTYPES_H
| # include <inttypes.h>
| #endif
| #ifdef HAVE_STDINT_H
| # include <stdint.h>
| #endif
| #ifdef HAVE_UNISTD_H
| # include <unistd.h>
| #endif
| int
| main ()
| {
| if (sizeof (_Bool))
| 	 return 0;
|   ;
|   return 0;
| }
configure:4755: result: no
configure:4766: checking for size_t
configure:4766: /home/a967a038/Downloads/RESEARCH/gith/RES_NEW/toyota-itc-benchmarks/compile kcc -c -flint  conftest.c >&5
/home/a967a038/Downloads/RESEARCH/gith/RES_NEW/toyota-itc-benchmarks/compile: 307: exec: kcc: not found
configure:4766: $? = 127
configure: failed program was:
| /* confdefs.h */
| #define PACKAGE_NAME "itc-benchmarks"
| #define PACKAGE_TARNAME "itc-benchmarks"
| #define PACKAGE_VERSION "1.0"
| #define PACKAGE_STRING "itc-benchmarks 1.0"
| #define PACKAGE_BUGREPORT "https://github.com/regehr/itc-benchmarks/issues"
| #define PACKAGE_URL ""
| #define PACKAGE "itc-benchmarks"
| #define VERSION "1.0"
| /* end confdefs.h.  */
| #include <stdio.h>
| #ifdef HAVE_SYS_TYPES_H
| # include <sys/types.h>
| #endif
| #ifdef HAVE_SYS_STAT_H
| # include <sys/stat.h>
| #endif
| #ifdef STDC_HEADERS
| # include <stdlib.h>
| # include <stddef.h>
| #else
| # ifdef HAVE_STDLIB_H
| #  include <stdlib.h>
| # endif
| #endif
| #ifdef HAVE_STRING_H
| # if !defined STDC_HEADERS && defined HAVE_MEMORY_H
| #  include <memory.h>
| # endif
| # include <string.h>
| #endif
| #ifdef HAVE_STRINGS_H
| # include <strings.h>
| #endif
| #ifdef HAVE_INTTYPES_H
| # include <inttypes.h>
| #endif
| #ifdef HAVE_STDINT_H
| # include <stdint.h>
| #endif
| #ifdef HAVE_UNISTD_H
| # include <unistd.h>
| #endif
| int
| main ()
| {
| if (sizeof (size_t))
| 	 return 0;
|   ;
|   return 0;
| }
configure:4766: result: no
configure:4777: checking for ssize_t
configure:4777: /home/a967a038/Downloads/RESEARCH/gith/RES_NEW/toyota-itc-benchmarks/compile kcc -c -flint  conftest.c >&5
/home/a967a038/Downloads/RESEARCH/gith/RES_NEW/toyota-itc-benchmarks/compile: 307: exec: kcc: not found
configure:4777: $? = 127
configure: failed program was:
| /* confdefs.h */
| #define PACKAGE_NAME "itc-benchmarks"
| #define PACKAGE_TARNAME "itc-benchmarks"
| #define PACKAGE_VERSION "1.0"
| #define PACKAGE_STRING "itc-benchmarks 1.0"
| #define PACKAGE_BUGREPORT "https://github.com/regehr/itc-benchmarks/issues"
| #define PACKAGE_URL ""
| #define PACKAGE "itc-benchmarks"
| #define VERSION "1.0"
| #define size_t unsigned int
| /* end confdefs.h.  */
| #include <stdio.h>
| #ifdef HAVE_SYS_TYPES_H
| # include <sys/types.h>
| #endif
| #ifdef HAVE_SYS_STAT_H
| # include <sys/stat.h>
| #endif
| #ifdef STDC_HEADERS
| # include <stdlib.h>
| # include <stddef.h>
| #else
| # ifdef HAVE_STDLIB_H
| #  include <stdlib.h>
| # endif
| #endif
| #ifdef HAVE_STRING_H
| # if !defined STDC_HEADERS && defined HAVE_MEMORY_H
| #  include <memory.h>
| # endif
| # include <string.h>
| #endif
| #ifdef HAVE_STRINGS_H
| # include <strings.h>
| #endif
| #ifdef HAVE_INTTYPES_H
| # include <inttypes.h>
| #endif
| #ifdef HAVE_STDINT_H
| # include <stdint.h>
| #endif
| #ifdef HAVE_UNISTD_H
| # include <unistd.h>
| #endif
| int
| main ()
| {
| if (sizeof (ssize_t))
| 	 return 0;
|   ;
|   return 0;
| }
configure:4777: result: no
configure:4792: checking for stdlib.h
configure:4792: result: no
configure:4802: checking for GNU libc compatible malloc
configure:4826: /home/a967a038/Downloads/RESEARCH/gith/RES_NEW/toyota-itc-benchmarks/compile kcc -o conftest -flint   conftest.c  >&5
/home/a967a038/Downloads/RESEARCH/gith/RES_NEW/toyota-itc-benchmarks/compile: 307: exec: kcc: not found
configure:4826: $? = 127
configure: program exited with status 127
configure: failed program was:
| /* confdefs.h */
| #define PACKAGE_NAME "itc-benchmarks"
| #define PACKAGE_TARNAME "itc-benchmarks"
| #define PACKAGE_VERSION "1.0"
| #define PACKAGE_STRING "itc-benchmarks 1.0"
| #define PACKAGE_BUGREPORT "https://github.com/regehr/itc-benchmarks/issues"
| #define PACKAGE_URL ""
| #define PACKAGE "itc-benchmarks"
| #define VERSION "1.0"
| #define size_t unsigned int
| #define ssize_t int
| /* end confdefs.h.  */
| #if defined STDC_HEADERS || defined HAVE_STDLIB_H
| # include <stdlib.h>
| #else
| char *malloc ();
| #endif
| 
| int
| main ()
| {
| return ! malloc (0);
|   ;
|   return 0;
| }
configure:4836: result: no
configure:4860: checking for floor
configure:4860: /home/a967a038/Downloads/RESEARCH/gith/RES_NEW/toyota-itc-benchmarks/compile kcc -o conftest -flint   conftest.c  >&5
/home/a967a038/Downloads/RESEARCH/gith/RES_NEW/toyota-itc-benchmarks/compile: 307: exec: kcc: not found
configure:4860: $? = 127
configure: failed program was:
| /* confdefs.h */
| #define PACKAGE_NAME "itc-benchmarks"
| #define PACKAGE_TARNAME "itc-benchmarks"
| #define PACKAGE_VERSION "1.0"
| #define PACKAGE_STRING "itc-benchmarks 1.0"
| #define PACKAGE_BUGREPORT "https://github.com/regehr/itc-benchmarks/issues"
| #define PACKAGE_URL ""
| #define PACKAGE "itc-benchmarks"
| #define VERSION "1.0"
| #define size_t unsigned int
| #define ssize_t int
| #define HAVE_MALLOC 0
| #define malloc rpl_malloc
| /* end confdefs.h.  */
| /* Define floor to an innocuous variant, in case <limits.h> declares floor.
|    For example, HP-UX 11i <limits.h> declares gettimeofday.  */
| #define floor innocuous_floor
| 
| /* System header to define __stub macros and hopefully few prototypes,
|     which can conflict with char floor (); below.
|     Prefer <limits.h> to <assert.h> if __STDC__ is defined, since
|     <limits.h> exists even on freestanding compilers.  */
| 
| #ifdef __STDC__
| # include <limits.h>
| #else
| # include <assert.h>
| #endif
| 
| #undef floor
| 
| /* Override any GCC internal prototype to avoid an error.
|    Use char because int might match the return type of a GCC
|    builtin and then its argument prototype would still apply.  */
| #ifdef __cplusplus
| extern "C"
| #endif
| char floor ();
| /* The GNU C library defines this for functions which it implements
|     to always fail with ENOSYS.  Some functions are actually named
|     something starting with __ and the normal name is an alias.  */
| #if defined __stub_floor || defined __stub___floor
| choke me
| #endif
| 
| int
| main ()
| {
| return floor ();
|   ;
|   return 0;
| }
configure:4860: result: no
configure:4860: checking for memset
configure:4860: /home/a967a038/Downloads/RESEARCH/gith/RES_NEW/toyota-itc-benchmarks/compile kcc -o conftest -flint   conftest.c  >&5
/home/a967a038/Downloads/RESEARCH/gith/RES_NEW/toyota-itc-benchmarks/compile: 307: exec: kcc: not found
configure:4860: $? = 127
configure: failed program was:
| /* confdefs.h */
| #define PACKAGE_NAME "itc-benchmarks"
| #define PACKAGE_TARNAME "itc-benchmarks"
| #define PACKAGE_VERSION "1.0"
| #define PACKAGE_STRING "itc-benchmarks 1.0"
| #define PACKAGE_BUGREPORT "https://github.com/regehr/itc-benchmarks/issues"
| #define PACKAGE_URL ""
| #define PACKAGE "itc-benchmarks"
| #define VERSION "1.0"
| #define size_t unsigned int
| #define ssize_t int
| #define HAVE_MALLOC 0
| #define malloc rpl_malloc
| /* end confdefs.h.  */
| /* Define memset to an innocuous variant, in case <limits.h> declares memset.
|    For example, HP-UX 11i <limits.h> declares gettimeofday.  */
| #define memset innocuous_memset
| 
| /* System header to define __stub macros and hopefully few prototypes,
|     which can conflict with char memset (); below.
|     Prefer <limits.h> to <assert.h> if __STDC__ is defined, since
|     <limits.h> exists even on freestanding compilers.  */
| 
| #ifdef __STDC__
| # include <limits.h>
| #else
| # include <assert.h>
| #endif
| 
| #undef memset
| 
| /* Override any GCC internal prototype to avoid an error.
|    Use char because int might match the return type of a GCC
|    builtin and then its argument prototype would still apply.  */
| #ifdef __cplusplus
| extern "C"
| #endif
| char memset ();
| /* The GNU C library defines this for functions which it implements
|     to always fail with ENOSYS.  Some functions are actually named
|     something starting with __ and the normal name is an alias.  */
| #if defined __stub_memset || defined __stub___memset
| choke me
| #endif
| 
| int
| main ()
| {
| return memset ();
|   ;
|   return 0;
| }
configure:4860: result: no
configure:4860: checking for pow
configure:4860: /home/a967a038/Downloads/RESEARCH/gith/RES_NEW/toyota-itc-benchmarks/compile kcc -o conftest -flint   conftest.c  >&5
/home/a967a038/Downloads/RESEARCH/gith/RES_NEW/toyota-itc-benchmarks/compile: 307: exec: kcc: not found
configure:4860: $? = 127
configure: failed program was:
| /* confdefs.h */
| #define PACKAGE_NAME "itc-benchmarks"
| #define PACKAGE_TARNAME "itc-benchmarks"
| #define PACKAGE_VERSION "1.0"
| #define PACKAGE_STRING "itc-benchmarks 1.0"
| #define PACKAGE_BUGREPORT "https://github.com/regehr/itc-benchmarks/issues"
| #define PACKAGE_URL ""
| #define PACKAGE "itc-benchmarks"
| #define VERSION "1.0"
| #define size_t unsigned int
| #define ssize_t int
| #define HAVE_MALLOC 0
| #define malloc rpl_malloc
| /* end confdefs.h.  */
| /* Define pow to an innocuous variant, in case <limits.h> declares pow.
|    For example, HP-UX 11i <limits.h> declares gettimeofday.  */
| #define pow innocuous_pow
| 
| /* System header to define __stub macros and hopefully few prototypes,
|     which can conflict with char pow (); below.
|     Prefer <limits.h> to <assert.h> if __STDC__ is defined, since
|     <limits.h> exists even on freestanding compilers.  */
| 
| #ifdef __STDC__
| # include <limits.h>
| #else
| # include <assert.h>
| #endif
| 
| #undef pow
| 
| /* Override any GCC internal prototype to avoid an error.
|    Use char because int might match the return type of a GCC
|    builtin and then its argument prototype would still apply.  */
| #ifdef __cplusplus
| extern "C"
| #endif
| char pow ();
| /* The GNU C library defines this for functions which it implements
|     to always fail with ENOSYS.  Some functions are actually named
|     something starting with __ and the normal name is an alias.  */
| #if defined __stub_pow || defined __stub___pow
| choke me
| #endif
| 
| int
| main ()
| {
| return pow ();
|   ;
|   return 0;
| }
configure:4860: result: no
configure:4860: checking for socket
configure:4860: /home/a967a038/Downloads/RESEARCH/gith/RES_NEW/toyota-itc-benchmarks/compile kcc -o conftest -flint   conftest.c  >&5
/home/a967a038/Downloads/RESEARCH/gith/RES_NEW/toyota-itc-benchmarks/compile: 307: exec: kcc: not found
configure:4860: $? = 127
configure: failed program was:
| /* confdefs.h */
| #define PACKAGE_NAME "itc-benchmarks"
| #define PACKAGE_TARNAME "itc-benchmarks"
| #define PACKAGE_VERSION "1.0"
| #define PACKAGE_STRING "itc-benchmarks 1.0"
| #define PACKAGE_BUGREPORT "https://github.com/regehr/itc-benchmarks/issues"
| #define PACKAGE_URL ""
| #define PACKAGE "itc-benchmarks"
| #define VERSION "1.0"
| #define size_t unsigned int
| #define ssize_t int
| #define HAVE_MALLOC 0
| #define malloc rpl_malloc
| /* end confdefs.h.  */
| /* Define socket to an innocuous variant, in case <limits.h> declares socket.
|    For example, HP-UX 11i <limits.h> declares gettimeofday.  */
| #define socket innocuous_socket
| 
| /* System header to define __stub macros and hopefully few prototypes,
|     which can conflict with char socket (); below.
|     Prefer <limits.h> to <assert.h> if __STDC__ is defined, since
|     <limits.h> exists even on freestanding compilers.  */
| 
| #ifdef __STDC__
| # include <limits.h>
| #else
| # include <assert.h>
| #endif
| 
| #undef socket
| 
| /* Override any GCC internal prototype to avoid an error.
|    Use char because int might match the return type of a GCC
|    builtin and then its argument prototype would still apply.  */
| #ifdef __cplusplus
| extern "C"
| #endif
| char socket ();
| /* The GNU C library defines this for functions which it implements
|     to always fail with ENOSYS.  Some functions are actually named
|     something starting with __ and the normal name is an alias.  */
| #if defined __stub_socket || defined __stub___socket
| choke me
| #endif
| 
| int
| main ()
| {
| return socket ();
|   ;
|   return 0;
| }
configure:4860: result: no
configure:5007: checking that generated files are newer than configure
configure:5013: result: done
configure:5040: creating ./config.status

## ---------------------- ##
## Running config.status. ##
## ---------------------- ##

This file was extended by itc-benchmarks config.status 1.0, which was
generated by GNU Autoconf 2.69.  Invocation command line was

  CONFIG_FILES    = 
  CONFIG_HEADERS  = 
  CONFIG_LINKS    = 
  CONFIG_COMMANDS = 
  $ ./config.status 

on burdock.ittc.ku.edu

config.status:783: creating Makefile
config.status:783: creating 01.w_Defects/Makefile
config.status:783: creating 02.wo_Defects/Makefile
config.status:783: creating 04.wo_Defects_Cpp/Makefile
config.status:783: creating 03.w_Defects_Cpp/Makefile
config.status:955: executing depfiles commands
config.status:1032: cd 01.w_Defects       && sed -e '/# am--include-marker/d' Makefile         | make -f - am--depfiles
make: Nothing to be done for 'am--depfiles'.
config.status:1037: $? = 0
config.status:1032: cd 02.wo_Defects       && sed -e '/# am--include-marker/d' Makefile         | make -f - am--depfiles
make: Nothing to be done for 'am--depfiles'.
config.status:1037: $? = 0
config.status:1032: cd 04.wo_Defects_Cpp       && sed -e '/# am--include-marker/d' Makefile         | make -f - am--depfiles
make: Nothing to be done for 'am--depfiles'.
config.status:1037: $? = 0
config.status:1032: cd 03.w_Defects_Cpp       && sed -e '/# am--include-marker/d' Makefile         | make -f - am--depfiles
make: Nothing to be done for 'am--depfiles'.
config.status:1037: $? = 0

## ---------------- ##
## Cache variables. ##
## ---------------- ##

ac_cv_c_compiler_gnu=no
ac_cv_cxx_compiler_gnu=yes
ac_cv_env_CCC_set=
ac_cv_env_CCC_value=
ac_cv_env_CC_set=set
ac_cv_env_CC_value=kcc
ac_cv_env_CFLAGS_set=set
ac_cv_env_CFLAGS_value=-flint
ac_cv_env_CPPFLAGS_set=
ac_cv_env_CPPFLAGS_value=
ac_cv_env_CPP_set=
ac_cv_env_CPP_value=
ac_cv_env_CXXFLAGS_set=
ac_cv_env_CXXFLAGS_value=
ac_cv_env_CXX_set=
ac_cv_env_CXX_value=
ac_cv_env_LDFLAGS_set=
ac_cv_env_LDFLAGS_value=
ac_cv_env_LIBS_set=
ac_cv_env_LIBS_value=
ac_cv_env_build_alias_set=
ac_cv_env_build_alias_value=
ac_cv_env_host_alias_set=
ac_cv_env_host_alias_value=
ac_cv_env_target_alias_set=
ac_cv_env_target_alias_value=
ac_cv_func_floor=no
ac_cv_func_malloc_0_nonnull=no
ac_cv_func_memset=no
ac_cv_func_pow=no
ac_cv_func_socket=no
ac_cv_header_inttypes_h=no
ac_cv_header_memory_h=no
ac_cv_header_netinet_in_h=no
ac_cv_header_stdbool_h=no
ac_cv_header_stdc=no
ac_cv_header_stdint_h=no
ac_cv_header_stdlib_h=no
ac_cv_header_string_h=no
ac_cv_header_strings_h=no
ac_cv_header_sys_socket_h=no
ac_cv_header_sys_stat_h=no
ac_cv_header_sys_types_h=no
ac_cv_header_unistd_h=no
ac_cv_objext=o
ac_cv_path_EGREP='/bin/grep -E'
ac_cv_path_GREP=/bin/grep
ac_cv_path_install='/bin/install -c'
ac_cv_path_mkdir=/bin/mkdir
ac_cv_prog_AWK=mawk
ac_cv_prog_CPP=/lib/cpp
ac_cv_prog_ac_ct_CC=kcc
ac_cv_prog_ac_ct_CXX=g++
ac_cv_prog_cc_c89=no
ac_cv_prog_cc_g=no
ac_cv_prog_cxx_g=yes
ac_cv_prog_make_make_set=yes
ac_cv_type__Bool=no
ac_cv_type_size_t=no
ac_cv_type_ssize_t=no
am_cv_CC_dependencies_compiler_type=none
am_cv_CXX_dependencies_compiler_type=gcc3
am_cv_make_support_nested_variables=yes
am_cv_prog_cc_c_o=no

## ----------------- ##
## Output variables. ##
## ----------------- ##

ACLOCAL='${SHELL} /home/a967a038/Downloads/RESEARCH/gith/RES_NEW/toyota-itc-benchmarks/missing aclocal-1.16'
AMDEPBACKSLASH='\'
AMDEP_FALSE='#'
AMDEP_TRUE=''
AMTAR='$${TAR-tar}'
AM_BACKSLASH='\'
AM_DEFAULT_V='$(AM_DEFAULT_VERBOSITY)'
AM_DEFAULT_VERBOSITY='1'
AM_V='$(V)'
AUTOCONF='${SHELL} /home/a967a038/Downloads/RESEARCH/gith/RES_NEW/toyota-itc-benchmarks/missing autoconf'
AUTOHEADER='${SHELL} /home/a967a038/Downloads/RESEARCH/gith/RES_NEW/toyota-itc-benchmarks/missing autoheader'
AUTOMAKE='${SHELL} /home/a967a038/Downloads/RESEARCH/gith/RES_NEW/toyota-itc-benchmarks/missing automake-1.16'
AWK='mawk'
CC='/home/a967a038/Downloads/RESEARCH/gith/RES_NEW/toyota-itc-benchmarks/compile kcc'
CCDEPMODE='depmode=none'
CFLAGS='-flint'
CPP='/lib/cpp'
CPPFLAGS=''
CXX='g++'
CXXDEPMODE='depmode=gcc3'
CXXFLAGS='-g -O2'
CYGPATH_W='echo'
DEFS='-DPACKAGE_NAME=\"itc-benchmarks\" -DPACKAGE_TARNAME=\"itc-benchmarks\" -DPACKAGE_VERSION=\"1.0\" -DPACKAGE_STRING=\"itc-benchmarks\ 1.0\" -DPACKAGE_BUGREPORT=\"https://github.com/regehr/itc-benchmarks/issues\" -DPACKAGE_URL=\"\" -DPACKAGE=\"itc-benchmarks\" -DVERSION=\"1.0\" -Dsize_t=unsigned\ int -Dssize_t=int -DHAVE_MALLOC=0 -Dmalloc=rpl_malloc'
DEPDIR='.deps'
ECHO_C=''
ECHO_N='-n'
ECHO_T=''
EGREP='/bin/grep -E'
EXEEXT=''
GREP='/bin/grep'
INSTALL_DATA='${INSTALL} -m 644'
INSTALL_PROGRAM='${INSTALL}'
INSTALL_SCRIPT='${INSTALL}'
INSTALL_STRIP_PROGRAM='$(install_sh) -c -s'
LDFLAGS=''
LIBOBJS=' ${LIBOBJDIR}malloc$U.o'
LIBS=''
LTLIBOBJS=' ${LIBOBJDIR}malloc$U.lo'
MAKEINFO='${SHELL} /home/a967a038/Downloads/RESEARCH/gith/RES_NEW/toyota-itc-benchmarks/missing makeinfo'
MKDIR_P='/bin/mkdir -p'
OBJEXT='o'
PACKAGE='itc-benchmarks'
PACKAGE_BUGREPORT='https://github.com/regehr/itc-benchmarks/issues'
PACKAGE_NAME='itc-benchmarks'
PACKAGE_STRING='itc-benchmarks 1.0'
PACKAGE_TARNAME='itc-benchmarks'
PACKAGE_URL=''
PACKAGE_VERSION='1.0'
PATH_SEPARATOR=':'
SET_MAKE=''
SHELL='/bin/bash'
STRIP=''
VERSION='1.0'
ac_ct_CC='kcc'
ac_ct_CXX='g++'
am__EXEEXT_FALSE=''
am__EXEEXT_TRUE='#'
am__fastdepCC_FALSE=''
am__fastdepCC_TRUE='#'
am__fastdepCXX_FALSE='#'
am__fastdepCXX_TRUE=''
am__include='include'
am__isrc=''
am__leading_dot='.'
am__nodep='_no'
am__quote=''
am__tar='$${TAR-tar} chof - "$$tardir"'
am__untar='$${TAR-tar} xf -'
bindir='${exec_prefix}/bin'
build_alias=''
datadir='${datarootdir}'
datarootdir='${prefix}/share'
docdir='${datarootdir}/doc/${PACKAGE_TARNAME}'
dvidir='${docdir}'
exec_prefix='${prefix}'
host_alias=''
htmldir='${docdir}'
includedir='${prefix}/include'
infodir='${datarootdir}/info'
install_sh='${SHELL} /home/a967a038/Downloads/RESEARCH/gith/RES_NEW/toyota-itc-benchmarks/install-sh'
libdir='${exec_prefix}/lib'
libexecdir='${exec_prefix}/libexec'
localedir='${datarootdir}/locale'
localstatedir='${prefix}/var'
mandir='${datarootdir}/man'
mkdir_p='$(MKDIR_P)'
oldincludedir='/usr/include'
pdfdir='${docdir}'
prefix='/usr/local'
program_transform_name='s,x,x,'
psdir='${docdir}'
runstatedir='${localstatedir}/run'
sbindir='${exec_prefix}/sbin'
sharedstatedir='${prefix}/com'
sysconfdir='${prefix}/etc'
target_alias=''

## ----------- ##
## confdefs.h. ##
## ----------- ##

/* confdefs.h */
#define PACKAGE_NAME "itc-benchmarks"
#define PACKAGE_TARNAME "itc-benchmarks"
#define PACKAGE_VERSION "1.0"
#define PACKAGE_STRING "itc-benchmarks 1.0"
#define PACKAGE_BUGREPORT "https://github.com/regehr/itc-benchmarks/issues"
#define PACKAGE_URL ""
#define PACKAGE "itc-benchmarks"
#define VERSION "1.0"
#define size_t unsigned int
#define ssize_t int
#define HAVE_MALLOC 0
#define malloc rpl_malloc

configure: exit 0
